2016-05-30 20:59:36,388 ERROR [main] ccs.CCSClientFactory (CCSClientFactory.java:51) - get paas config center error
com.ai.paas.ipaas.ccs.constants.ConfigException: Get config client resource failed
	at com.ai.paas.ipaas.ccs.impl.ConfigClientImpl.<init>(ConfigClientImpl.java:64) ~[ipaas-ccs-0.3.jar:?]
	at com.ai.paas.ipaas.ccs.ConfigFactory.getConfigClient(ConfigFactory.java:89) ~[ipaas-ccs-0.3.jar:?]
	at com.ai.opt.sdk.components.ccs.CCSClientFactory.getDefaultConfigClient(CCSClientFactory.java:43) [opt-sdk-2.0-SNAPSHOT.jar:?]
	at com.ai.slp.common.test.ccs.IConfigCenterClientTest.initData(IConfigCenterClientTest.java:17) [bin/:?]
	at sun.reflect.NativeMethodAccessorImpl.invoke0(Native Method) ~[?:1.7.0_80]
	at sun.reflect.NativeMethodAccessorImpl.invoke(NativeMethodAccessorImpl.java:57) ~[?:1.7.0_80]
	at sun.reflect.DelegatingMethodAccessorImpl.invoke(DelegatingMethodAccessorImpl.java:43) ~[?:1.7.0_80]
	at java.lang.reflect.Method.invoke(Method.java:606) ~[?:1.7.0_80]
	at org.junit.runners.model.FrameworkMethod$1.runReflectiveCall(FrameworkMethod.java:47) [junit-4.11.jar:?]
	at org.junit.internal.runners.model.ReflectiveCallable.run(ReflectiveCallable.java:12) [junit-4.11.jar:?]
	at org.junit.runners.model.FrameworkMethod.invokeExplosively(FrameworkMethod.java:44) [junit-4.11.jar:?]
	at org.junit.internal.runners.statements.RunBefores.evaluate(RunBefores.java:24) [junit-4.11.jar:?]
	at org.junit.runners.ParentRunner.runLeaf(ParentRunner.java:271) [junit-4.11.jar:?]
	at org.junit.runners.BlockJUnit4ClassRunner.runChild(BlockJUnit4ClassRunner.java:70) [junit-4.11.jar:?]
	at org.junit.runners.BlockJUnit4ClassRunner.runChild(BlockJUnit4ClassRunner.java:50) [junit-4.11.jar:?]
	at org.junit.runners.ParentRunner$3.run(ParentRunner.java:238) [junit-4.11.jar:?]
	at org.junit.runners.ParentRunner$1.schedule(ParentRunner.java:63) [junit-4.11.jar:?]
	at org.junit.runners.ParentRunner.runChildren(ParentRunner.java:236) [junit-4.11.jar:?]
	at org.junit.runners.ParentRunner.access$000(ParentRunner.java:53) [junit-4.11.jar:?]
	at org.junit.runners.ParentRunner$2.evaluate(ParentRunner.java:229) [junit-4.11.jar:?]
	at org.junit.runners.ParentRunner.run(ParentRunner.java:309) [junit-4.11.jar:?]
	at org.eclipse.jdt.internal.junit4.runner.JUnit4TestReference.run(JUnit4TestReference.java:86) [.cp/:?]
	at org.eclipse.jdt.internal.junit.runner.TestExecution.run(TestExecution.java:38) [.cp/:?]
	at org.eclipse.jdt.internal.junit.runner.RemoteTestRunner.runTests(RemoteTestRunner.java:459) [.cp/:?]
	at org.eclipse.jdt.internal.junit.runner.RemoteTestRunner.runTests(RemoteTestRunner.java:675) [.cp/:?]
	at org.eclipse.jdt.internal.junit.runner.RemoteTestRunner.run(RemoteTestRunner.java:382) [.cp/:?]
	at org.eclipse.jdt.internal.junit.runner.RemoteTestRunner.main(RemoteTestRunner.java:192) [.cp/:?]
Caused by: com.ai.paas.ipaas.ccs.constants.ConfigException: User node is not exists
	at com.ai.paas.ipaas.ccs.impl.ConfigClientImpl.<init>(ConfigClientImpl.java:59) ~[ipaas-ccs-0.3.jar:?]
	... 26 more
